<?xml version="1.0" encoding="UTF-8"?>
<robot generator="Robot 4.1.3 (Python 3.7.5 on win32)" generated="20220320 14:38:35.096" rpa="true" schemaversion="2">
<suite id="s1" name="Tasks" source="e:\Internshala\1-Xorion Technologies Pvt Ltd., Nagpur\Projects\Robocorp - Attended Automation (Form + Web Automation + Slack Notification)\tasks.robot">
<test id="s1-t1" name="Minimal task">
<kw name="Log" library="BuiltIn">
<arg>Done.</arg>
<doc>Logs the given message with the given level.</doc>
<msg timestamp="20220320 14:38:42.159" level="INFO">Done.</msg>
<status status="PASS" starttime="20220320 14:38:42.159" endtime="20220320 14:38:42.159"/>
</kw>
<status status="PASS" starttime="20220320 14:38:42.158" endtime="20220320 14:38:42.160"/>
</test>
<doc>Form+Web Automation+Slack.</doc>
<status status="PASS" starttime="20220320 14:38:35.101" endtime="20220320 14:38:42.160"/>
</suite>
<statistics>
<total>
<stat pass="1" fail="0" skip="0">All Tasks</stat>
</total>
<tag>
</tag>
<suite>
<stat pass="1" fail="0" skip="0" id="s1" name="Tasks">Tasks</stat>
</suite>
</statistics>
<errors>
<msg timestamp="20220320 14:38:41.989" level="WARN">This is a deprecated import that will be removed in favor of RPA.Browser.Selenium</msg>
</errors>
</robot>
